This is pdfTeX, Version 3.141592653-2.6-1.40.25 (MiKTeX 23.10.12) (preloaded format=pdflatex 2023.12.29)  12 SEP 2024 13:11
entering extended mode
 restricted \write18 enabled.
 file:line:error style messages enabled.
 %&-line parsing enabled.
**"c:/Users/Ashley Björs/Desktop/Sångbok/S-ngbok/main.tex"
(c:/Users/Ashley Björs/Desktop/Sångbok/S-ngbok/main.tex
LaTeX2e <2023-11-01>
L3 programming layer <2023-11-09>
(C:\MiKTeX\tex/latex/base\article.cls
Document Class: article 2023/05/17 v1.4n Standard LaTeX document class
(C:\MiKTeX\tex/latex/base\size10.clo
File: size10.clo 2023/05/17 v1.4n Standard LaTeX file (size option)
)
\c@part=\count186
\c@section=\count187
\c@subsection=\count188
\c@subsubsection=\count189
\c@paragraph=\count190
\c@subparagraph=\count191
\c@figure=\count192
\c@table=\count193
\abovecaptionskip=\skip48
\belowcaptionskip=\skip49
\bibindent=\dimen140
) (setup.sty
Package: setup 
 (C:\MiKTeX\tex/latex/graphics\graphicx.sty
Package: graphicx 2021/09/16 v1.2d Enhanced LaTeX Graphics (DPC,SPQR)
 (C:\MiKTeX\tex/latex/graphics\keyval.sty
Package: keyval 2022/05/29 v1.15 key=value parser (DPC)
\KV@toks@=\toks17
) (C:\MiKTeX\tex/latex/graphics\graphics.sty
Package: graphics 2022/03/10 v1.4e Standard LaTeX Graphics (DPC,SPQR)
 (C:\MiKTeX\tex/latex/graphics\trig.sty
Package: trig 2021/08/11 v1.11 sin cos tan (DPC)
) (C:\MiKTeX\tex/latex/graphics-cfg\graphics.cfg
File: graphics.cfg 2016/06/04 v1.11 sample graphics configuration
)
Package graphics Info: Driver file: pdftex.def on input line 107.
 (C:\MiKTeX\tex/latex/graphics-def\pdftex.def
File: pdftex.def 2022/09/22 v1.2b Graphics/color driver for pdftex
))
\Gin@req@height=\dimen141
\Gin@req@width=\dimen142
) (C:\MiKTeX\tex/latex/fancyhdr\fancyhdr.sty
Package: fancyhdr 2022/11/09 v4.1 Extensive control of page headers and footers
\f@nch@headwidth=\skip50
\f@nch@O@elh=\skip51
\f@nch@O@erh=\skip52
\f@nch@O@olh=\skip53
\f@nch@O@orh=\skip54
\f@nch@O@elf=\skip55
\f@nch@O@erf=\skip56
\f@nch@O@olf=\skip57
\f@nch@O@orf=\skip58
) (C:\MiKTeX\tex/latex/ragged2e\ragged2e.sty
Package: ragged2e 2023/06/22 v3.6 ragged2e Package
\CenteringLeftskip=\skip59
\RaggedLeftLeftskip=\skip60
\RaggedRightLeftskip=\skip61
\CenteringRightskip=\skip62
\RaggedLeftRightskip=\skip63
\RaggedRightRightskip=\skip64
\CenteringParfillskip=\skip65
\RaggedLeftParfillskip=\skip66
\RaggedRightParfillskip=\skip67
\JustifyingParfillskip=\skip68
\CenteringParindent=\skip69
\RaggedLeftParindent=\skip70
\RaggedRightParindent=\skip71
\JustifyingParindent=\skip72
) (C:\MiKTeX\tex/latex/titling\titling.sty
Package: titling 2009/09/04 v2.1d maketitle typesetting
\thanksmarkwidth=\skip73
\thanksmargin=\skip74
\droptitle=\skip75
) (C:\MiKTeX\tex/latex/tools\tabularx.sty
Package: tabularx 2023/07/08 v2.11c `tabularx' package (DPC)
 (C:\MiKTeX\tex/latex/tools\array.sty
Package: array 2023/10/16 v2.5g Tabular extension package (FMi)
\col@sep=\dimen143
\ar@mcellbox=\box51
\extrarowheight=\dimen144
\NC@list=\toks18
\extratabsurround=\skip76
\backup@length=\skip77
\ar@cellbox=\box52
)
\TX@col@width=\dimen145
\TX@old@table=\dimen146
\TX@old@col=\dimen147
\TX@target=\dimen148
\TX@delta=\dimen149
\TX@cols=\count194
\TX@ftn=\toks19
) (C:\MiKTeX\tex/latex/tools\multicol.sty
Package: multicol 2023/03/30 v1.9f multicolumn formatting (FMi)
\c@tracingmulticols=\count195
\mult@box=\box53
\multicol@leftmargin=\dimen150
\c@unbalance=\count196
\c@collectmore=\count197
\doublecol@number=\count198
\multicoltolerance=\count199
\multicolpretolerance=\count266
\full@width=\dimen151
\page@free=\dimen152
\premulticols=\dimen153
\postmulticols=\dimen154
\multicolsep=\skip78
\multicolbaselineskip=\skip79
\partial@page=\box54
\last@line=\box55
\mc@boxedresult=\box56
\maxbalancingoverflow=\dimen155
\mult@rightbox=\box57
\mult@grightbox=\box58
\mult@firstbox=\box59
\mult@gfirstbox=\box60
\@tempa=\box61
\@tempa=\box62
\@tempa=\box63
\@tempa=\box64
\@tempa=\box65
\@tempa=\box66
\@tempa=\box67
\@tempa=\box68
\@tempa=\box69
\@tempa=\box70
\@tempa=\box71
\@tempa=\box72
\@tempa=\box73
\@tempa=\box74
\@tempa=\box75
\@tempa=\box76
\@tempa=\box77
\@tempa=\box78
\@tempa=\box79
\@tempa=\box80
\@tempa=\box81
\@tempa=\box82
\@tempa=\box83
\@tempa=\box84
\@tempa=\box85
\@tempa=\box86
\@tempa=\box87
\@tempa=\box88
\@tempa=\box89
\@tempa=\box90
\@tempa=\box91
\@tempa=\box92
\@tempa=\box93
\@tempa=\box94
\@tempa=\box95
\@tempa=\box96
\c@minrows=\count267
\c@columnbadness=\count268
\c@finalcolumnbadness=\count269
\last@try=\dimen156
\multicolovershoot=\dimen157
\multicolundershoot=\dimen158
\mult@nat@firstbox=\box97
\colbreak@box=\box98
\mc@col@check@num=\count270
) (C:\MiKTeX\tex/latex/silence\silence.sty
Package: silence 2012/07/02 v1.5b Selective filtering of warnings and error messages
\sl@Save=\count271
\sl@StateNumber=\count272
\sl@MessageCount=\count273
\sl@Casualties=\count274
\sl@Filter=\toks20
\sl@Message=\toks21
\sl@UnexpandedMessage=\toks22
\sl@Mess@ge=\toks23
\sl@WarningCount=\count275
\sl@WarningNumber=\count276
\sl@WarningCasualties=\count277
\sl@TempBOW=\toks24
\sl@BankOfWarnings=\toks25
LaTeX Info: Redefining \GenericWarning on input line 433.
\sl@ErrorCount=\count278
\sl@ErrorNumber=\count279
\sl@ErrorCasualties=\count280
\sl@TempBOE=\toks26
\sl@BankOfErrors=\toks27
LaTeX Info: Redefining \GenericError on input line 601.
) (C:\MiKTeX\tex/latex/background\background.sty
Package: background 2014/03/04 v2.1 background material
 (C:\MiKTeX\tex/latex/xkeyval\xkeyval.sty
Package: xkeyval 2022/06/16 v2.9 package option processing (HA)
 (C:\MiKTeX\tex/generic/xkeyval\xkeyval.tex (C:\MiKTeX\tex/generic/xkeyval\xkvutils.tex
\XKV@toks=\toks28
\XKV@tempa@toks=\toks29
)
\XKV@depth=\count281
File: xkeyval.tex 2014/12/03 v2.7a key=value parser (HA)
)) (C:\MiKTeX\tex/latex/pgf/frontendlayer\tikz.sty (C:\MiKTeX\tex/latex/pgf/basiclayer\pgf.sty (C:\MiKTeX\tex/latex/pgf/utilities\pgfrcs.sty (C:\MiKTeX\tex/generic/pgf/utilities\pgfutil-common.tex
\pgfutil@everybye=\toks30
\pgfutil@tempdima=\dimen159
\pgfutil@tempdimb=\dimen160
) (C:\MiKTeX\tex/generic/pgf/utilities\pgfutil-latex.def
\pgfutil@abb=\box99
) (C:\MiKTeX\tex/generic/pgf/utilities\pgfrcs.code.tex (C:\MiKTeX\tex/generic/pgf\pgf.revision.tex)
Package: pgfrcs 2023-01-15 v3.1.10 (3.1.10)
))
Package: pgf 2023-01-15 v3.1.10 (3.1.10)
 (C:\MiKTeX\tex/latex/pgf/basiclayer\pgfcore.sty (C:\MiKTeX\tex/latex/pgf/systemlayer\pgfsys.sty (C:\MiKTeX\tex/generic/pgf/systemlayer\pgfsys.code.tex
Package: pgfsys 2023-01-15 v3.1.10 (3.1.10)
 (C:\MiKTeX\tex/generic/pgf/utilities\pgfkeys.code.tex
\pgfkeys@pathtoks=\toks31
\pgfkeys@temptoks=\toks32
 (C:\MiKTeX\tex/generic/pgf/utilities\pgfkeyslibraryfiltered.code.tex
\pgfkeys@tmptoks=\toks33
))
\pgf@x=\dimen161
\pgf@y=\dimen162
\pgf@xa=\dimen163
\pgf@ya=\dimen164
\pgf@xb=\dimen165
\pgf@yb=\dimen166
\pgf@xc=\dimen167
\pgf@yc=\dimen168
\pgf@xd=\dimen169
\pgf@yd=\dimen170
\w@pgf@writea=\write3
\r@pgf@reada=\read2
\c@pgf@counta=\count282
\c@pgf@countb=\count283
\c@pgf@countc=\count284
\c@pgf@countd=\count285
\t@pgf@toka=\toks34
\t@pgf@tokb=\toks35
\t@pgf@tokc=\toks36
\pgf@sys@id@count=\count286
 (C:\MiKTeX\tex/generic/pgf/systemlayer\pgf.cfg
File: pgf.cfg 2023-01-15 v3.1.10 (3.1.10)
)
Driver file for pgf: pgfsys-pdftex.def
 (C:\MiKTeX\tex/generic/pgf/systemlayer\pgfsys-pdftex.def
File: pgfsys-pdftex.def 2023-01-15 v3.1.10 (3.1.10)
 (C:\MiKTeX\tex/generic/pgf/systemlayer\pgfsys-common-pdf.def
File: pgfsys-common-pdf.def 2023-01-15 v3.1.10 (3.1.10)
))) (C:\MiKTeX\tex/generic/pgf/systemlayer\pgfsyssoftpath.code.tex
File: pgfsyssoftpath.code.tex 2023-01-15 v3.1.10 (3.1.10)
\pgfsyssoftpath@smallbuffer@items=\count287
\pgfsyssoftpath@bigbuffer@items=\count288
) (C:\MiKTeX\tex/generic/pgf/systemlayer\pgfsysprotocol.code.tex
File: pgfsysprotocol.code.tex 2023-01-15 v3.1.10 (3.1.10)
)) (C:\MiKTeX\tex/latex/xcolor\xcolor.sty
Package: xcolor 2023/11/15 v3.01 LaTeX color extensions (UK)
 (C:\MiKTeX\tex/latex/graphics-cfg\color.cfg
File: color.cfg 2016/01/02 v1.6 sample color configuration
)
Package xcolor Info: Driver file: pdftex.def on input line 274.
 (C:\MiKTeX\tex/latex/graphics\mathcolor.ltx)
Package xcolor Info: Model `cmy' substituted by `cmy0' on input line 1350.
Package xcolor Info: Model `hsb' substituted by `rgb' on input line 1354.
Package xcolor Info: Model `RGB' extended on input line 1366.
Package xcolor Info: Model `HTML' substituted by `rgb' on input line 1368.
Package xcolor Info: Model `Hsb' substituted by `hsb' on input line 1369.
Package xcolor Info: Model `tHsb' substituted by `hsb' on input line 1370.
Package xcolor Info: Model `HSB' substituted by `hsb' on input line 1371.
Package xcolor Info: Model `Gray' substituted by `gray' on input line 1372.
Package xcolor Info: Model `wave' substituted by `hsb' on input line 1373.
) (C:\MiKTeX\tex/generic/pgf/basiclayer\pgfcore.code.tex
Package: pgfcore 2023-01-15 v3.1.10 (3.1.10)
 (C:\MiKTeX\tex/generic/pgf/math\pgfmath.code.tex (C:\MiKTeX\tex/generic/pgf/math\pgfmathutil.code.tex) (C:\MiKTeX\tex/generic/pgf/math\pgfmathparser.code.tex
\pgfmath@dimen=\dimen171
\pgfmath@count=\count289
\pgfmath@box=\box100
\pgfmath@toks=\toks37
\pgfmath@stack@operand=\toks38
\pgfmath@stack@operation=\toks39
) (C:\MiKTeX\tex/generic/pgf/math\pgfmathfunctions.code.tex) (C:\MiKTeX\tex/generic/pgf/math\pgfmathfunctions.basic.code.tex) (C:\MiKTeX\tex/generic/pgf/math\pgfmathfunctions.trigonometric.code.tex) (C:\MiKTeX\tex/generic/pgf/math\pgfmathfunctions.random.code.tex) (C:\MiKTeX\tex/generic/pgf/math\pgfmathfunctions.comparison.code.tex) (C:\MiKTeX\tex/generic/pgf/math\pgfmathfunctions.base.code.tex) (C:\MiKTeX\tex/generic/pgf/math\pgfmathfunctions.round.code.tex) (C:\MiKTeX\tex/generic/pgf/math\pgfmathfunctions.misc.code.tex) (C:\MiKTeX\tex/generic/pgf/math\pgfmathfunctions.integerarithmetics.code.tex) (C:\MiKTeX\tex/generic/pgf/math\pgfmathcalc.code.tex) (C:\MiKTeX\tex/generic/pgf/math\pgfmathfloat.code.tex
\c@pgfmathroundto@lastzeros=\count290
)) (C:\MiKTeX\tex/generic/pgf/math\pgfint.code.tex) (C:\MiKTeX\tex/generic/pgf/basiclayer\pgfcorepoints.code.tex
File: pgfcorepoints.code.tex 2023-01-15 v3.1.10 (3.1.10)
\pgf@picminx=\dimen172
\pgf@picmaxx=\dimen173
\pgf@picminy=\dimen174
\pgf@picmaxy=\dimen175
\pgf@pathminx=\dimen176
\pgf@pathmaxx=\dimen177
\pgf@pathminy=\dimen178
\pgf@pathmaxy=\dimen179
\pgf@xx=\dimen180
\pgf@xy=\dimen181
\pgf@yx=\dimen182
\pgf@yy=\dimen183
\pgf@zx=\dimen184
\pgf@zy=\dimen185
) (C:\MiKTeX\tex/generic/pgf/basiclayer\pgfcorepathconstruct.code.tex
File: pgfcorepathconstruct.code.tex 2023-01-15 v3.1.10 (3.1.10)
\pgf@path@lastx=\dimen186
\pgf@path@lasty=\dimen187
) (C:\MiKTeX\tex/generic/pgf/basiclayer\pgfcorepathusage.code.tex
File: pgfcorepathusage.code.tex 2023-01-15 v3.1.10 (3.1.10)
\pgf@shorten@end@additional=\dimen188
\pgf@shorten@start@additional=\dimen189
) (C:\MiKTeX\tex/generic/pgf/basiclayer\pgfcorescopes.code.tex
File: pgfcorescopes.code.tex 2023-01-15 v3.1.10 (3.1.10)
\pgfpic=\box101
\pgf@hbox=\box102
\pgf@layerbox@main=\box103
\pgf@picture@serial@count=\count291
) (C:\MiKTeX\tex/generic/pgf/basiclayer\pgfcoregraphicstate.code.tex
File: pgfcoregraphicstate.code.tex 2023-01-15 v3.1.10 (3.1.10)
\pgflinewidth=\dimen190
) (C:\MiKTeX\tex/generic/pgf/basiclayer\pgfcoretransformations.code.tex
File: pgfcoretransformations.code.tex 2023-01-15 v3.1.10 (3.1.10)
\pgf@pt@x=\dimen191
\pgf@pt@y=\dimen192
\pgf@pt@temp=\dimen193
) (C:\MiKTeX\tex/generic/pgf/basiclayer\pgfcorequick.code.tex
File: pgfcorequick.code.tex 2023-01-15 v3.1.10 (3.1.10)
) (C:\MiKTeX\tex/generic/pgf/basiclayer\pgfcoreobjects.code.tex
File: pgfcoreobjects.code.tex 2023-01-15 v3.1.10 (3.1.10)
) (C:\MiKTeX\tex/generic/pgf/basiclayer\pgfcorepathprocessing.code.tex
File: pgfcorepathprocessing.code.tex 2023-01-15 v3.1.10 (3.1.10)
) (C:\MiKTeX\tex/generic/pgf/basiclayer\pgfcorearrows.code.tex
File: pgfcorearrows.code.tex 2023-01-15 v3.1.10 (3.1.10)
\pgfarrowsep=\dimen194
) (C:\MiKTeX\tex/generic/pgf/basiclayer\pgfcoreshade.code.tex
File: pgfcoreshade.code.tex 2023-01-15 v3.1.10 (3.1.10)
\pgf@max=\dimen195
\pgf@sys@shading@range@num=\count292
\pgf@shadingcount=\count293
) (C:\MiKTeX\tex/generic/pgf/basiclayer\pgfcoreimage.code.tex
File: pgfcoreimage.code.tex 2023-01-15 v3.1.10 (3.1.10)
) (C:\MiKTeX\tex/generic/pgf/basiclayer\pgfcoreexternal.code.tex
File: pgfcoreexternal.code.tex 2023-01-15 v3.1.10 (3.1.10)
\pgfexternal@startupbox=\box104
) (C:\MiKTeX\tex/generic/pgf/basiclayer\pgfcorelayers.code.tex
File: pgfcorelayers.code.tex 2023-01-15 v3.1.10 (3.1.10)
) (C:\MiKTeX\tex/generic/pgf/basiclayer\pgfcoretransparency.code.tex
File: pgfcoretransparency.code.tex 2023-01-15 v3.1.10 (3.1.10)
) (C:\MiKTeX\tex/generic/pgf/basiclayer\pgfcorepatterns.code.tex
File: pgfcorepatterns.code.tex 2023-01-15 v3.1.10 (3.1.10)
) (C:\MiKTeX\tex/generic/pgf/basiclayer\pgfcorerdf.code.tex
File: pgfcorerdf.code.tex 2023-01-15 v3.1.10 (3.1.10)
))) (C:\MiKTeX\tex/generic/pgf/modules\pgfmoduleshapes.code.tex
File: pgfmoduleshapes.code.tex 2023-01-15 v3.1.10 (3.1.10)
\pgfnodeparttextbox=\box105
) (C:\MiKTeX\tex/generic/pgf/modules\pgfmoduleplot.code.tex
File: pgfmoduleplot.code.tex 2023-01-15 v3.1.10 (3.1.10)
) (C:\MiKTeX\tex/latex/pgf/compatibility\pgfcomp-version-0-65.sty
Package: pgfcomp-version-0-65 2023-01-15 v3.1.10 (3.1.10)
\pgf@nodesepstart=\dimen196
\pgf@nodesepend=\dimen197
) (C:\MiKTeX\tex/latex/pgf/compatibility\pgfcomp-version-1-18.sty
Package: pgfcomp-version-1-18 2023-01-15 v3.1.10 (3.1.10)
)) (C:\MiKTeX\tex/latex/pgf/utilities\pgffor.sty (C:\MiKTeX\tex/latex/pgf/utilities\pgfkeys.sty (C:\MiKTeX\tex/generic/pgf/utilities\pgfkeys.code.tex)) (C:\MiKTeX\tex/latex/pgf/math\pgfmath.sty (C:\MiKTeX\tex/generic/pgf/math\pgfmath.code.tex)) (C:\MiKTeX\tex/generic/pgf/utilities\pgffor.code.tex
Package: pgffor 2023-01-15 v3.1.10 (3.1.10)
\pgffor@iter=\dimen198
\pgffor@skip=\dimen199
\pgffor@stack=\toks40
\pgffor@toks=\toks41
)) (C:\MiKTeX\tex/generic/pgf/frontendlayer/tikz\tikz.code.tex
Package: tikz 2023-01-15 v3.1.10 (3.1.10)
 (C:\MiKTeX\tex/generic/pgf/libraries\pgflibraryplothandlers.code.tex
File: pgflibraryplothandlers.code.tex 2023-01-15 v3.1.10 (3.1.10)
\pgf@plot@mark@count=\count294
\pgfplotmarksize=\dimen256
)
\tikz@lastx=\dimen257
\tikz@lasty=\dimen258
\tikz@lastxsaved=\dimen259
\tikz@lastysaved=\dimen260
\tikz@lastmovetox=\dimen261
\tikz@lastmovetoy=\dimen262
\tikzleveldistance=\dimen263
\tikzsiblingdistance=\dimen264
\tikz@figbox=\box106
\tikz@figbox@bg=\box107
\tikz@tempbox=\box108
\tikz@tempbox@bg=\box109
\tikztreelevel=\count295
\tikznumberofchildren=\count296
\tikznumberofcurrentchild=\count297
\tikz@fig@count=\count298
 (C:\MiKTeX\tex/generic/pgf/modules\pgfmodulematrix.code.tex
File: pgfmodulematrix.code.tex 2023-01-15 v3.1.10 (3.1.10)
\pgfmatrixcurrentrow=\count299
\pgfmatrixcurrentcolumn=\count300
\pgf@matrix@numberofcolumns=\count301
)
\tikz@expandcount=\count302
 (C:\MiKTeX\tex/generic/pgf/frontendlayer/tikz/libraries\tikzlibrarytopaths.code.tex
File: tikzlibrarytopaths.code.tex 2023-01-15 v3.1.10 (3.1.10)
))) (C:\MiKTeX\tex/latex/everypage\everypage.sty
Package: everypage 2020/10/17 R2.0b Hooks to run on every page
) (C:\MiKTeX\tex/latex/tools\afterpage.sty
Package: afterpage 2023/07/04 v1.08 After-Page Package (DPC)
\AP@output=\toks42
\AP@partial=\box110
\AP@footins=\box111
)) (C:\MiKTeX\tex/latex/setspace\setspace.sty
Package: setspace 2022/12/04 v6.7b set line spacing
) (C:\MiKTeX\tex/latex/geometry\geometry.sty
Package: geometry 2020/01/02 v5.9 Page Geometry
 (C:\MiKTeX\tex/generic/iftex\ifvtex.sty
Package: ifvtex 2019/10/25 v1.7 ifvtex legacy package. Use iftex instead.
 (C:\MiKTeX\tex/generic/iftex\iftex.sty
Package: iftex 2022/02/03 v1.0f TeX engine tests
))
\Gm@cnth=\count303
\Gm@cntv=\count304
\c@Gm@tempcnt=\count305
\Gm@bindingoffset=\dimen265
\Gm@wd@mp=\dimen266
\Gm@odd@mp=\dimen267
\Gm@even@mp=\dimen268
\Gm@layoutwidth=\dimen269
\Gm@layoutheight=\dimen270
\Gm@layouthoffset=\dimen271
\Gm@layoutvoffset=\dimen272
\Gm@dimlist=\toks43
 (C:\MiKTeX\tex/latex/geometry\geometry.cfg)) (C:\MiKTeX\tex/latex/tocloft\tocloft.sty
Package: tocloft 2017/08/31 v2.3i parameterised ToC, etc., typesetting
Package tocloft Info: The document has section divisions on input line 51.
\cftparskip=\skip80
\cftbeforetoctitleskip=\skip81
\cftaftertoctitleskip=\skip82
\cftbeforepartskip=\skip83
\cftpartnumwidth=\skip84
\cftpartindent=\skip85
\cftbeforesecskip=\skip86
\cftsecindent=\skip87
\cftsecnumwidth=\skip88
\cftbeforesubsecskip=\skip89
\cftsubsecindent=\skip90
\cftsubsecnumwidth=\skip91
\cftbeforesubsubsecskip=\skip92
\cftsubsubsecindent=\skip93
\cftsubsubsecnumwidth=\skip94
\cftbeforeparaskip=\skip95
\cftparaindent=\skip96
\cftparanumwidth=\skip97
\cftbeforesubparaskip=\skip98
\cftsubparaindent=\skip99
\cftsubparanumwidth=\skip100
\cftbeforeloftitleskip=\skip101
\cftafterloftitleskip=\skip102
\cftbeforefigskip=\skip103
\cftfigindent=\skip104
\cftfignumwidth=\skip105
\c@lofdepth=\count306
\c@lotdepth=\count307
\cftbeforelottitleskip=\skip106
\cftafterlottitleskip=\skip107
\cftbeforetabskip=\skip108
\cfttabindent=\skip109
\cfttabnumwidth=\skip110
) (C:\MiKTeX\tex/latex/etoc\etoc.sty
Package: etoc 2023/10/29 v1.2d Completely customisable TOCs (JFB)
 (C:\MiKTeX\tex/latex/kvoptions\kvoptions.sty
Package: kvoptions 2022-06-15 v3.15 Key value format for package options (HO)
 (C:\MiKTeX\tex/generic/ltxcmds\ltxcmds.sty
Package: ltxcmds 2020-05-10 v1.25 LaTeX kernel commands for general use (HO)
) (C:\MiKTeX\tex/latex/kvsetkeys\kvsetkeys.sty
Package: kvsetkeys 2022-10-05 v1.19 Key value parser (HO)
))
\Etoc@toctoks=\toks44
\c@etoc@tocid=\count308
\etoc@framed@titlebox=\box112
\etoc@framed@contentsbox=\box113
) (C:\MiKTeX\tex/latex/currfile\currfile.sty
Package: currfile 2020/09/29 v0.7d Provides the file path elements of the current input file
 (C:\MiKTeX\tex/latex/filehook\filehook.sty
Package: filehook 2022/10/25 v0.8b Hooks for input files
 (C:\MiKTeX\tex/latex/filehook\filehook-2020.sty
Package: filehook-2020 2022/10/25 v0.8b Hooks for input files
))
\c@currfiledepth=\count309
) (C:\MiKTeX\tex/latex/pythontex\pythontex.sty
Package: pythontex 2021/06/06 v0.18 execute and typeset Python code and other languages
 (C:\MiKTeX\tex/latex/fvextra\fvextra.sty
Package: fvextra 2023/11/28 v1.6.1 fvextra - extensions and patches for fancyvrb
 (C:\MiKTeX\tex/latex/etoolbox\etoolbox.sty
Package: etoolbox 2020/10/05 v2.5k e-TeX tools for LaTeX (JAW)
\etb@tempcnta=\count310
) (C:\MiKTeX\tex/latex/fancyvrb\fancyvrb.sty
Package: fancyvrb 2023/11/06 4.5b verbatim text (tvz,hv)
\FV@CodeLineNo=\count311
\FV@InFile=\read3
\FV@TabBox=\box114
\c@FancyVerbLine=\count312
\FV@StepNumber=\count313
\FV@OutFile=\write4
) (C:\MiKTeX\tex/latex/upquote\upquote.sty
Package: upquote 2012/04/19 v1.3 upright-quote and grave-accent glyphs in verbatim
) (C:\MiKTeX\tex/latex/lineno\lineno.sty
Package: lineno 2023/05/20 line numbers on paragraphs v5.3
\linenopenalty=\count314
\output=\toks45
\linenoprevgraf=\count315
\linenumbersep=\dimen273
\linenumberwidth=\dimen274
\c@linenumber=\count316
\c@pagewiselinenumber=\count317
\c@LN@truepage=\count318
\c@internallinenumber=\count319
\c@internallinenumbers=\count320
\quotelinenumbersep=\dimen275
\bframerule=\dimen276
\bframesep=\dimen277
\bframebox=\box115
LaTeX Info: Redefining \\ on input line 3180.
)
\c@FancyVerbWriteLine=\count321
\c@FancyVerbBufferIndex=\count322
\c@FancyVerbBufferLength=\count323
\c@FancyVerbBufferLine=\count324
\c@FV@oldbufferlength=\count325
\c@FV@TrueTabGroupLevel=\count326
\c@FV@TrueTabCounter=\count327
\FV@TabBox@Group=\box116
\FV@TmpLength=\skip111
\c@FV@HighlightLinesStart=\count328
\c@FV@HighlightLinesStop=\count329
\FV@LoopCount=\count330
\FV@NCharsBox=\box117
\FV@BreakIndent=\dimen278
\FV@BreakIndentNChars=\count331
\FV@BreakSymbolSepLeft=\dimen279
\FV@BreakSymbolSepLeftNChars=\count332
\FV@BreakSymbolSepRight=\dimen280
\FV@BreakSymbolSepRightNChars=\count333
\FV@BreakSymbolIndentLeft=\dimen281
\FV@BreakSymbolIndentLeftNChars=\count334
\FV@BreakSymbolIndentRight=\dimen282
\FV@BreakSymbolIndentRightNChars=\count335
\c@FancyVerbLineBreakLast=\count336
\FV@LineBox=\box118
\FV@LineIndentBox=\box119
\c@FV@BreakBufferDepth=\count337
\FV@LineWidth=\dimen283
) (C:\MiKTeX\tex/latex/xstring\xstring.sty (C:\MiKTeX\tex/generic/xstring\xstring.tex
\xs_counta=\count338
\xs_countb=\count339
)
Package: xstring 2023/08/22 v1.86 String manipulations (CT)
) (C:\MiKTeX\tex/latex/pgfopts\pgfopts.sty
Package: pgfopts 2014/07/10 v2.1a LaTeX package options with pgfkeys
\pgfopts@list@add@a@toks=\toks46
\pgfopts@list@add@b@toks=\toks47
) (C:\MiKTeX\tex/latex/newfloat\newfloat.sty
Package: newfloat 2023/10/01 v1.2 Defining new floating environments (AR)
)
\pytx@codefile=\write5
\openout5 = `main.pytxcode'.

\c@pytx@FancyVerbLineTemp=\count340
\c@pytx@py@default@default=\count341
\c@pytx@pycon@default@default=\count342
\c@pytx@sympy@default@default=\count343
\c@pytx@sympycon@default@default=\count344
\c@pytx@pylab@default@default=\count345
\c@pytx@pylabcon@default@default=\count346
) (C:\MiKTeX\tex/latex/adjustbox\adjustbox.sty
Package: adjustbox 2022/10/17 v1.3a Adjusting TeX boxes (trim, clip, ...)
 (C:\MiKTeX\tex/latex/adjustbox\adjcalc.sty
Package: adjcalc 2012/05/16 v1.1 Provides advanced setlength with multiple back-ends (calc, etex, pgfmath)
) (C:\MiKTeX\tex/latex/adjustbox\trimclip.sty
Package: trimclip 2020/08/19 v1.2 Trim and clip general TeX material
 (C:\MiKTeX\tex/latex/collectbox\collectbox.sty
Package: collectbox 2022/10/17 v0.4c Collect macro arguments as boxes
\collectedbox=\box120
)
\tc@llx=\dimen284
\tc@lly=\dimen285
\tc@urx=\dimen286
\tc@ury=\dimen287
Package trimclip Info: Using driver 'tc-pdftex.def'.
 (C:\MiKTeX\tex/latex/adjustbox\tc-pdftex.def
File: tc-pdftex.def 2019/01/04 v2.2 Clipping driver for pdftex
))
\adjbox@Width=\dimen288
\adjbox@Height=\dimen289
\adjbox@Depth=\dimen290
\adjbox@Totalheight=\dimen291
\adjbox@pwidth=\dimen292
\adjbox@pheight=\dimen293
\adjbox@pdepth=\dimen294
\adjbox@ptotalheight=\dimen295
 (C:\MiKTeX\tex/latex/ifoddpage\ifoddpage.sty
Package: ifoddpage 2022/10/18 v1.2 Conditionals for odd/even page detection
\c@checkoddpage=\count347
) (C:\MiKTeX\tex/latex/varwidth\varwidth.sty
Package: varwidth 2009/03/30 ver 0.92;  Variable-width minipages
\@vwid@box=\box121
\sift@deathcycles=\count348
\@vwid@loff=\dimen296
\@vwid@roff=\dimen297
))) (C:\MiKTeX\tex/latex/l3backend\l3backend-pdftex.def
File: l3backend-pdftex.def 2023-11-09 L3 backend support: PDF output (pdfTeX)
\l__color_backend_stack_int=\count349
\l__pdf_internal_box=\box122
) (main.aux)
\openout1 = `main.aux'.

LaTeX Font Info:    Checking defaults for OML/cmm/m/it on input line 10.
LaTeX Font Info:    ... okay on input line 10.
LaTeX Font Info:    Checking defaults for OMS/cmsy/m/n on input line 10.
LaTeX Font Info:    ... okay on input line 10.
LaTeX Font Info:    Checking defaults for OT1/cmr/m/n on input line 10.
LaTeX Font Info:    ... okay on input line 10.
LaTeX Font Info:    Checking defaults for T1/cmr/m/n on input line 10.
LaTeX Font Info:    ... okay on input line 10.
LaTeX Font Info:    Checking defaults for TS1/cmr/m/n on input line 10.
LaTeX Font Info:    ... okay on input line 10.
LaTeX Font Info:    Checking defaults for OMX/cmex/m/n on input line 10.
LaTeX Font Info:    ... okay on input line 10.
LaTeX Font Info:    Checking defaults for U/cmr/m/n on input line 10.
LaTeX Font Info:    ... okay on input line 10.
 (C:\MiKTeX\tex/context/base/mkii\supp-pdf.mkii
[Loading MPS to PDF converter (version 2006.09.02).]
\scratchcounter=\count350
\scratchdimen=\dimen298
\scratchbox=\box123
\nofMPsegments=\count351
\nofMParguments=\count352
\everyMPshowfont=\toks48
\MPscratchCnt=\count353
\MPscratchDim=\dimen299
\MPnumerator=\count354
\makeMPintoPDFobject=\count355
\everyMPtoPDFconversion=\toks49
) (C:\MiKTeX\tex/latex/epstopdf-pkg\epstopdf-base.sty
Package: epstopdf-base 2020-01-24 v2.11 Base part for package epstopdf
Package epstopdf-base Info: Redefining graphics rule for `.eps' on input line 485.
 (C:\MiKTeX\tex/latex/00miktex\epstopdf-sys.cfg
File: epstopdf-sys.cfg 2021/03/18 v2.0 Configuration of epstopdf for MiKTeX
))
*geometry* driver: auto-detecting
*geometry* detected driver: pdftex
*geometry* verbose mode - [ preamble ] result:
* driver: pdftex
* paper: a6paper
* layout: <same size as paper>
* layoutoffset:(h,v)=(0.0pt,0.0pt)
* modes: twoside 
* h-part:(L,W,R)=(35.85083pt, 209.12683pt, 53.77628pt)
* v-part:(T,H,B)=(50.5326pt, 294.76926pt, 75.79893pt)
* \paperwidth=298.75394pt
* \paperheight=421.10078pt
* \textwidth=209.12683pt
* \textheight=294.76926pt
* \oddsidemargin=-36.41916pt
* \evensidemargin=-18.49371pt
* \topmargin=-58.7374pt
* \headheight=12.0pt
* \headsep=25.0pt
* \topskip=10.0pt
* \footskip=30.0pt
* \marginparwidth=121.0pt
* \marginparsep=11.0pt
* \columnsep=10.0pt
* \skip\footins=9.0pt plus 4.0pt minus 2.0pt
* \hoffset=0.0pt
* \voffset=0.0pt
* \mag=1000
* \@twocolumnfalse
* \@twosidetrue
* \@mparswitchtrue
* \@reversemarginfalse
* (1in=72.27pt=25.4mm, 1cm=28.453pt)

\Etoc@tf=\read4
No file pythontex-files-main/main.pytxmcr.
Run PythonTeX to create it.
Package newfloat Info: New float `listing' with options `fileext=lopytx' on input line 10.
\c@listing=\count356
\newfloat@ftype=\count357
Package newfloat Info: float type `listing'=8 on input line 10.
\c@lopytxdepth=\count358
LaTeX Font Info:    External font `cmex10' loaded for size
(Font)              <12> on input line 15.
LaTeX Font Info:    External font `cmex10' loaded for size
(Font)              <8> on input line 15.
LaTeX Font Info:    External font `cmex10' loaded for size
(Font)              <6> on input line 15.
[1{C:/Users/Ashley Björs/AppData/Local/MiKTeX/fonts/map/pdftex/pdftex.map}

] (Kapitel/Inledning.tex
Underfull \hbox (badness 10000) in paragraph at lines 8--9

 []


Underfull \hbox (badness 10000) in paragraph at lines 10--11

 []

[2]
Overfull \hbox (9.34592pt too wide) in paragraph at lines 74--76
\OT1/cmr/m/n/10 sina v^^?annner som hj^^?alpt honom att f^^Wa ihop bonkbo-
 []

[3] [4]
Overfull \hbox (7.31804pt too wide) in paragraph at lines 109--110
\OT1/cmr/m/n/10 till trots ^^?ar v^^Wart m^^Wal att giva en s^^Wa ko-r-rekt skildring
 []


Overfull \hbox (13.60802pt too wide) in paragraph at lines 111--112
\OT1/cmr/bx/n/10 Bonkut-skot-tet-star-tade f^^?or l^^?ange, l^^?ange, l^^?ange
 []

LaTeX Font Info:    External font `cmex10' loaded for size
(Font)              <7> on input line 113.
LaTeX Font Info:    External font `cmex10' loaded for size
(Font)              <5> on input line 113.

Overfull \hbox (7.23476pt too wide) in paragraph at lines 113--114
\OT1/cmr/m/n/10 Jag an-tar det var d^^?arf^^?or vi kom p^^Wa nam-net bonkut-
 []


Overfull \hbox (0.7532pt too wide) in paragraph at lines 113--114
\OT1/cmr/m/n/10 snum-mer. Vi skrev dit num-ren f^^?or att en bonkare
 []


Overfull \hbox (7.26245pt too wide) in paragraph at lines 113--114
\OT1/cmr/m/n/10 nade vi en resa till fj^^?arran ^^?ostern, n^^?armare best^^?amt
 []


Overfull \hbox (22.61438pt too wide) in paragraph at lines 113--114
\OT1/cmr/m/n/10 gen. Den var syn-lig till-sam-mans med Cribbe(Christan
 []

[5] [6] [7] [8]
Overfull \hbox (5.9291pt too wide) in paragraph at lines 117--118
\OT1/cmr/m/n/10 Un-der 2022, efter en nyin-satt styrelse som f^^?ors^^?okte
 []


Overfull \hbox (4.42921pt too wide) in paragraph at lines 117--118
\OT1/cmr/m/n/10 ken v1.001.pdf" lig-gan-des i n^^Wagot skrym-sle i v^^Waran
 []

[9] [10] [11]
Overfull \hbox (22.48474pt too wide) in paragraph at lines 135--136
[]\OT1/cmr/m/n/10 Det kr^^?avs 2st bonkut-skottare som ^^?ar n^^?arvarande
 []

[12]
Overfull \hbox (9.67914pt too wide) in paragraph at lines 148--149
\OT1/cmr/m/n/10 slan-gen och h^^Wall fast slan-gen lite l^^?att med t^^?anderna.
 []

[13] [14]
Underfull \hbox (badness 10000) in paragraph at lines 163--163
[]|\OT1/cmr/m/n/10 Drycken varken
 []


Underfull \hbox (badness 10000) in paragraph at lines 163--163
\OT1/cmr/m/n/10 smakar eller till-
 []


Underfull \hbox (badness 10000) in paragraph at lines 164--164
[]|\OT1/cmr/m/n/10 Munnen ^^?ar inte
 []


Underfull \hbox (badness 10000) in paragraph at lines 165--166
[]|\OT1/cmr/m/n/10 Tr^^?ana hemma
 []


Underfull \hbox (badness 10000) in paragraph at lines 165--166
\OT1/cmr/m/n/10 framf^^?or spegeln
 []


Underfull \hbox (badness 4832) in paragraph at lines 165--166
\OT1/cmr/m/n/10 tills du beh^^?arskar
 []


Underfull \hbox (badness 10000) in paragraph at lines 167--167
[]|\OT1/cmr/m/n/10 Drycken varken
 []


Underfull \hbox (badness 10000) in paragraph at lines 167--167
\OT1/cmr/m/n/10 smakar eller till-
 []


Underfull \hbox (badness 1173) in paragraph at lines 167--167
\OT1/cmr/m/n/10 fredst^^?aller. []Ohlen
 []


Underfull \hbox (badness 10000) in paragraph at lines 169--170
[]|\OT1/cmr/m/n/10 Hitta n^^Wagon som
 []


Underfull \hbox (badness 7099) in paragraph at lines 172--172
[]|\OT1/cmr/m/n/10 Glaset st^^War i fel
 []


Underfull \hbox (badness 1400) in paragraph at lines 173--174
[]|\OT1/cmr/m/n/10 H^^Wall glasets ^^?oppna
 []


Underfull \hbox (badness 10000) in paragraph at lines 173--174
\OT1/cmr/m/n/10 ^^?anda rik-tat mot
 []


Underfull \hbox (badness 7504) in paragraph at lines 175--175
[]|\OT1/cmr/m/n/10 Baren ^^?ar dim-mig
 []


Underfull \hbox (badness 10000) in paragraph at lines 176--176
[]|\OT1/cmr/m/n/10 Du tit-tat genom
 []


Underfull \hbox (badness 10000) in paragraph at lines 177--178
[]|\OT1/cmr/m/n/10 Hitta n^^Wagon som
 []

[15]
Overfull \vbox (13.12573pt too high) has occurred while \output is active []

 [16]
Underfull \hbox (badness 1681) in paragraph at lines 190--191
\OT1/cmr/m/n/10 t-tas till en an-nan
 []


Underfull \hbox (badness 10000) in paragraph at lines 194--195
\OT1/cmr/m/n/10 eller tr^^?ad stol-
 []


Underfull \hbox (badness 10000) in paragraph at lines 194--195
\OT1/cmr/m/n/10 sryggen in-nanf^^?or
 []


Underfull \hbox (badness 1783) in paragraph at lines 196--196
[]|\OT1/cmr/m/n/10 V^^?aggen mitt emot
 []


Underfull \hbox (badness 10000) in paragraph at lines 196--196
\OT1/cmr/m/n/10 dig ^^?ar t^^?akt av
 []


Underfull \hbox (badness 10000) in paragraph at lines 196--196
\OT1/cmr/m/n/10 plat-tor och flu-o-
 []


Underfull \hbox (badness 10000) in paragraph at lines 197--197
[]|\OT1/cmr/m/n/10 Du har fal-lit
 []


Underfull \hbox (badness 1270) in paragraph at lines 198--199
[]|\OT1/cmr/m/n/10 Om in-gen st^^War p^^Wa
 []


Underfull \hbox (badness 1917) in paragraph at lines 198--199
\OT1/cmr/m/n/10 din drickande arm
 []


Overfull \hbox (4.07425pt too wide) in paragraph at lines 183--202
[] 
 []


Overfull \vbox (13.12573pt too high) has occurred while \output is active []

 [17]) (Kapitel/Innehåll.tex
\tf@toc=\write6
\openout6 = `main.toc'.

 [18] [19]) (Kapitel/Att Bonka med Shtil.tex
Overfull \hbox (2.03099pt too wide) in paragraph at lines 10--11
\OT1/cmr/m/n/10 ^^?ar det l^^?ampligt att bekl^^?ada sig med over-all. Over-
 []


Overfull \hbox (1.67917pt too wide) in paragraph at lines 13--14
\OT1/cmr/m/n/10 H^^?ogtidsdr^^?akt in-neb^^?ar frackkl^^?adsel eller paraduni-
 []


Overfull \hbox (2.94778pt too wide) in paragraph at lines 13--14
\OT1/cmr/m/n/10 form samt ^^Wa spinnsi-dan galakl^^?anning. Aftondr^^?akt
 []


Overfull \hbox (2.64217pt too wide) in paragraph at lines 13--14
\OT1/cmr/m/n/10 ^^?ar i f^^?orsta hand smok-ing eller aftonkl^^?anning. Men
 []


Overfull \hbox (9.56813pt too wide) in paragraph at lines 13--14
\OT1/cmr/m/n/10 Frack och galakl^^?anning god-tages s^^Wasom aftondr^^?akt.
 []


Overfull \hbox (33.95706pt too wide) in paragraph at lines 13--14
\OT1/cmr/m/n/10 jkostym med vit skjorta och krage samt vardagskl^^?anning.
 []


Overfull \hbox (9.67923pt too wide) in paragraph at lines 13--14
\OT1/cmr/m/n/10 Vid bjud-ningar an-gives stun-dom: "kl^^?adsel: kavaj".
 []

<Media/Artboard 1_light.png, id=72, 599.1183pt x 846.0408pt>
File: Media/Artboard 1_light.png Graphic file (type png)
<use Media/Artboard 1_light.png>
Package pdftex.def Info: Media/Artboard 1_light.png  used on input line 14.
(pdftex.def)             Requested size: 298.75394pt x 421.89624pt.
[20 <./Media/Artboard 1_light.png>]
Overfull \hbox (8.4847pt too wide) in paragraph at lines 19--20
\OT1/cmr/m/n/10 2 knap-par i ryggen, med eller utan br^^?ostficka,
 []


Overfull \hbox (3.90129pt too wide) in paragraph at lines 19--20
\OT1/cmr/m/n/10 Stick-erier i spegel p^^Wa slaget anger akademisk
 []


Overfull \hbox (0.86435pt too wide) in paragraph at lines 19--20
\OT1/cmr/m/n/10 dok-tors-grad. P^^Wa ^^?armarna l^^?amnas manchet-
 []


Overfull \hbox (14.1143pt too wide) in paragraph at lines 19--20
\OT1/cmr/m/n/10 si-dosty-ck-erna. D^^Wa man s^^?atter sig vikas sk^^?arten
 []

<Media/Artboard 2_light.png, id=78, 598.8774pt x 846.0408pt>
File: Media/Artboard 2_light.png Graphic file (type png)
<use Media/Artboard 2_light.png>
Package pdftex.def Info: Media/Artboard 2_light.png  used on input line 20.
(pdftex.def)             Requested size: 298.75394pt x 422.05115pt.
[21 <./Media/Artboard 2_light.png>]
Overfull \hbox (1.75513pt too wide) in paragraph at lines 21--22
[]\OT1/cmr/bx/n/10 Frackbyxor: \OT1/cmr/m/n/10 Svarta l^^Wangbyxor med svarta
 []


Overfull \hbox (3.30392pt too wide) in paragraph at lines 25--26
[]\OT1/cmr/bx/n/10 Skor: \OT1/cmr/m/n/10 svarta lack-skor eller m^^?ojligheten pry-
 []


Overfull \hbox (1.68015pt too wide) in paragraph at lines 33--34
[]\OT1/cmr/bx/n/10 N^^?asduk: \OT1/cmr/m/n/10 vit silkesn^^?asduk, b^^?ares eventuellt
 []

File: Media/Artboard 1_light.png Graphic file (type png)
<use Media/Artboard 1_light.png>
Package pdftex.def Info: Media/Artboard 1_light.png  used on input line 34.
(pdftex.def)             Requested size: 298.75394pt x 421.89624pt.
[22]
Overfull \hbox (4.59587pt too wide) in paragraph at lines 37--38
\OT1/cmr/m/n/10 man-schet-tk-nap-par i samma f^^?arg, klock-kedja
 []


Overfull \hbox (13.42915pt too wide) in paragraph at lines 37--38
\OT1/cmr/m/n/10 b^^?ares h^^?angande fr^^Wan h^^?angselstropp till v^^?anster
 []


Overfull \hbox (2.04018pt too wide) in paragraph at lines 39--40
\OT1/cmr/m/n/10 H^^?og hatt eller chapeau-claque, vilket senare
 []

File: Media/Artboard 2_light.png Graphic file (type png)
<use Media/Artboard 2_light.png>
Package pdftex.def Info: Media/Artboard 2_light.png  used on input line 55.
(pdftex.def)             Requested size: 298.75394pt x 422.05115pt.
[23]
Overfull \hbox (28.5125pt too wide) in paragraph at lines 59--60
\OT1/cmr/m/n/10 siden-bel^^?aggning, rocken med eller utan br^^?ostficka,
 []


Overfull \hbox (5.22537pt too wide) in paragraph at lines 59--60
\OT1/cmr/m/n/10 sid-ofickor med eller utan lock. Rocken b^^?aren
 []


Overfull \hbox (4.97554pt too wide) in paragraph at lines 59--60
\OT1/cmr/m/n/10 ^^?oppen eller kn^^?appt. Stun-dom dubbelkn^^?appt
 []

File: Media/Artboard 1_light.png Graphic file (type png)
<use Media/Artboard 1_light.png>
Package pdftex.def Info: Media/Artboard 1_light.png  used on input line 71.
(pdftex.def)             Requested size: 298.75394pt x 421.89624pt.
[24]
Overfull \hbox (2.90239pt too wide) in paragraph at lines 73--74
[]\OT1/cmr/bx/n/10 N^^?asduk: \OT1/cmr/m/n/10 vit silkesn^^?asduk i br^^?ostfickan som
 []


Overfull \hbox (0.60242pt too wide) in paragraph at lines 77--78
[]\OT1/cmr/bx/n/10 Smycken: \OT1/cmr/m/n/10 knap-par s^^Wasom till frack, klock-
 []


Overfull \hbox (0.24818pt too wide) in paragraph at lines 79--80
[][]\OT1/cmr/bx/n/10 Overplagg: \OT1/cmr/m/n/10 M^^?ork palet^^Wa med vit kragsky-
 []


Overfull \hbox (8.23474pt too wide) in paragraph at lines 86--87
\OT1/cmr/m/n/10 ett g^^?ang amerikaner hade en rik-tig bl^^?ot tillst^^?allning
 []


Overfull \hbox (1.90143pt too wide) in paragraph at lines 86--87
\OT1/cmr/m/n/10 blev n^^Wagot otympliga med sval-stj^^?arten h^^?angandes
 []

File: Media/Artboard 2_light.png Graphic file (type png)
<use Media/Artboard 2_light.png>
Package pdftex.def Info: Media/Artboard 2_light.png  used on input line 87.
(pdftex.def)             Requested size: 298.75394pt x 422.05115pt.
[25]
Overfull \hbox (1.15137pt too wide) in paragraph at lines 90--91
\OT1/cmr/m/n/10 F^^?arg, snitt och utf^^?orande beroende av egen smak,
 []


Overfull \hbox (4.36443pt too wide) in paragraph at lines 90--91
\OT1/cmr/m/n/10 uppfinningsrike-dom och per-son-lig karakt^^?ar. M^^?ork
 []


Overfull \hbox (5.79034pt too wide) in paragraph at lines 90--91
\OT1/cmr/m/n/10 kava-jkostym ^^?ar en f^^?or alla vardagstillf^^?allen l^^?ampad
 []


Overfull \hbox (5.42924pt too wide) in paragraph at lines 90--91
\OT1/cmr/m/n/10 Som-mar-tid kom-mer denna kostym till anv^^?andning
 []


Overfull \hbox (3.29022pt too wide) in paragraph at lines 90--91
\OT1/cmr/m/n/10 i st^^?allet f^^?or smok-ing, d^^?ar den icke di-rekt p^^Wabjudes.
 []

File: Media/Artboard 1_light.png Graphic file (type png)
<use Media/Artboard 1_light.png>
Package pdftex.def Info: Media/Artboard 1_light.png  used on input line 93.
(pdftex.def)             Requested size: 298.75394pt x 421.89624pt.
[26]
Overfull \hbox (12.55882pt too wide) in paragraph at lines 96--97
\OT1/cmr/m/n/10 sl^^?ap, van-li-gen ur-ringad och helt utan ^^?armar. Medal-
 []


Overfull \hbox (7.39212pt too wide) in paragraph at lines 96--97
\OT1/cmr/m/n/10 jer och ord-nar b^^?ares. Hovdr^^?akten, anti-gen helsvart
 []


Overfull \hbox (6.6236pt too wide) in paragraph at lines 96--97
\OT1/cmr/m/n/10 eller helvit, ^^?ar ur-ringad och f^^?orsedd med puff^^?armar
 []

File: Media/Artboard 2_light.png Graphic file (type png)
<use Media/Artboard 2_light.png>
Package pdftex.def Info: Media/Artboard 2_light.png  used on input line 103.
(pdftex.def)             Requested size: 298.75394pt x 422.05115pt.
[27]
Overfull \hbox (20.73486pt too wide) in paragraph at lines 105--106
\OT1/cmr/m/n/10 Vardagskl^^?anning ^^?ar den ful-lkom-ligt val-fria kl^^?anningen
 []

File: Media/Artboard 1_light.png Graphic file (type png)
<use Media/Artboard 1_light.png>
Package pdftex.def Info: Media/Artboard 1_light.png  used on input line 111.
(pdftex.def)             Requested size: 298.75394pt x 421.89624pt.
[28]) (Kapitel/Hyfs och Etikett.tex
<Media/Artboard 2.png, id=107, 598.235pt x 845.1575pt>
File: Media/Artboard 2.png Graphic file (type png)
<use Media/Artboard 2.png>
Package pdftex.def Info: Media/Artboard 2.png  used on input line 22.
(pdftex.def)             Requested size: 298.75394pt x 422.07477pt.
 [29 <./Media/Artboard 2.png>]
<Media/Artboard 1.png, id=112, 598.235pt x 845.1575pt>
File: Media/Artboard 1.png Graphic file (type png)
<use Media/Artboard 1.png>
Package pdftex.def Info: Media/Artboard 1.png  used on input line 31.
(pdftex.def)             Requested size: 298.75394pt x 422.07477pt.
 [30 <./Media/Artboard 1.png>]
Overfull \hbox (5.39218pt too wide) in paragraph at lines 35--36
\OT1/cmr/m/n/10 l^^?agre. S^^Walunda skall v^^?arden dricka med v^^?ardinnan. 
 []


Overfull \hbox (1.06812pt too wide) in paragraph at lines 37--38
[]\OT1/cmr/m/n/10 Endast v^^?ardfolk har f^^?orslagsr^^?att till kollek-tiv sk^^Wal
 []

File: Media/Artboard 2.png Graphic file (type png)
<use Media/Artboard 2.png>
Package pdftex.def Info: Media/Artboard 2.png  used on input line 42.
(pdftex.def)             Requested size: 298.75394pt x 422.07477pt.
[31]
Overfull \hbox (0.54027pt too wide) in paragraph at lines 43--44
[]\OT1/cmr/m/n/10 Detta med att man tit-tar varan-dra i ^^?ogonen kom-
 []


Overfull \hbox (1.65134pt too wide) in paragraph at lines 43--44
\OT1/cmr/m/n/10 att sl^^?appa sin motst^^Wandare med blicken, d^^Wa risken
 []


Overfull \hbox (12.51254pt too wide) in paragraph at lines 50--51
[]\OT1/cmr/m/n/10 De f^^?oljande talen: Sam-mankom-stens ^^?andam^^Wal
 []

File: Media/Artboard 1.png Graphic file (type png)
<use Media/Artboard 1.png>
Package pdftex.def Info: Media/Artboard 1.png  used on input line 55.
(pdftex.def)             Requested size: 298.75394pt x 422.07477pt.
[32]
Overfull \hbox (13.3077pt too wide) in paragraph at lines 61--62
\OT1/cmr/m/n/10 av beleven-het. I den-samma ing^^War alla s^^?allskapslivets
 []


Overfull \hbox (29.70706pt too wide) in paragraph at lines 61--62
\OT1/cmr/m/n/10 hu-vud-mo-ment s^^Wasom sa-longkon-ver-sa-tion, up-ptr^^?adande,
 []

File: Media/Artboard 2.png Graphic file (type png)
<use Media/Artboard 2.png>
Package pdftex.def Info: Media/Artboard 2.png  used on input line 62.
(pdftex.def)             Requested size: 298.75394pt x 422.07477pt.
[33]
Overfull \hbox (6.95695pt too wide) in paragraph at lines 67--68
\OT1/cmr/m/n/10 mer mat, Toast-mas-ters(V^^?ard/v^^?ardinna) och dryck
 []


Overfull \hbox (7.36438pt too wide) in paragraph at lines 67--68
\OT1/cmr/m/n/10 finnas. S^^Wanger och Spex i olika slag ^^?ar att f^^?orv^^?anta. 
 []


Overfull \hbox (8.45694pt too wide) in paragraph at lines 69--70
\OT1/cmr/m/n/10 brukar Sveriges na-tion-als^^Wang sjun-gas sen in-ledande
 []


Overfull \hbox (7.70688pt too wide) in paragraph at lines 69--70
\OT1/cmr/m/n/10 tal av Toast-mas-ters d^^?ar sit-tningsre-gler g^^Was igenom. 
 []

File: Media/Artboard 1.png Graphic file (type png)
<use Media/Artboard 1.png>
Package pdftex.def Info: Media/Artboard 1.png  used on input line 71.
(pdftex.def)             Requested size: 298.75394pt x 422.07477pt.
[34]
File: Media/Artboard 2.png Graphic file (type png)
<use Media/Artboard 2.png>
Package pdftex.def Info: Media/Artboard 2.png  used on input line 85.
(pdftex.def)             Requested size: 298.75394pt x 422.07477pt.
 [35]
Overfull \hbox (6.17917pt too wide) in paragraph at lines 89--90
\OT1/cmr/m/n/10 tages sj^^?alv och in-gen st^^?orre ko-or-di-na-tion ^^?an ^^?onskat
 []

File: Media/Artboard 1.png Graphic file (type png)
<use Media/Artboard 1.png>
Package pdftex.def Info: Media/Artboard 1.png  used on input line 93.
(pdftex.def)             Requested size: 298.75394pt x 422.07477pt.
[36]) (Kapitel/Patriotiska sånger.tex
<Media/Artboard 2_flag.png, id=136, 598.8774pt x 846.5226pt>
File: Media/Artboard 2_flag.png Graphic file (type png)
<use Media/Artboard 2_flag.png>
Package pdftex.def Info: Media/Artboard 2_flag.png  used on input line 40.
(pdftex.def)             Requested size: 298.75394pt x 422.29149pt.
 [37 <./Media/Artboard 2_flag.png>]
Overfull \hbox (26.56815pt too wide) in paragraph at lines 102--111
\OT1/cmr/m/n/10 (Finska na-tion-als^^Wangen) Text: Jo-han Lud-vig Runeberg
 []

<Media/Artboard 1_flag.png, id=143, 599.1183pt x 846.5226pt>
File: Media/Artboard 1_flag.png Graphic file (type png)
<use Media/Artboard 1_flag.png>
Package pdftex.def Info: Media/Artboard 1_flag.png  used on input line 116.
(pdftex.def)             Requested size: 298.75394pt x 422.13649pt.
[38 <./Media/Artboard 1_flag.png>]
File: Media/Artboard 2_flag.png Graphic file (type png)
<use Media/Artboard 2_flag.png>
Package pdftex.def Info: Media/Artboard 2_flag.png  used on input line 159.
(pdftex.def)             Requested size: 298.75394pt x 422.29149pt.
 [39]
Underfull \hbox (badness 10000) in paragraph at lines 181--185

 []

File: Media/Artboard 1_flag.png Graphic file (type png)
<use Media/Artboard 1_flag.png>
Package pdftex.def Info: Media/Artboard 1_flag.png  used on input line 185.
(pdftex.def)             Requested size: 298.75394pt x 422.13649pt.
[40]
File: Media/Artboard 2_flag.png Graphic file (type png)
<use Media/Artboard 2_flag.png>
Package pdftex.def Info: Media/Artboard 2_flag.png  used on input line 202.
(pdftex.def)             Requested size: 298.75394pt x 422.29149pt.
 [41]
File: Media/Artboard 1_flag.png Graphic file (type png)
<use Media/Artboard 1_flag.png>
Package pdftex.def Info: Media/Artboard 1_flag.png  used on input line 225.
(pdftex.def)             Requested size: 298.75394pt x 422.13649pt.
 [42]
File: Media/Artboard 2_flag.png Graphic file (type png)
<use Media/Artboard 2_flag.png>
Package pdftex.def Info: Media/Artboard 2_flag.png  used on input line 237.
(pdftex.def)             Requested size: 298.75394pt x 422.29149pt.
 [43]) (Kapitel/Föreningssånger.tex
File: Media/Artboard 1.png Graphic file (type png)
<use Media/Artboard 1.png>
Package pdftex.def Info: Media/Artboard 1.png  used on input line 46.
(pdftex.def)             Requested size: 298.75394pt x 422.07477pt.
 [44]
Overfull \hbox (10.04031pt too wide) in paragraph at lines 59--68
\OT1/cmr/m/n/10 Ni ut-bil-das till att sk^^?ota an-dra m^^?anniskors ekonomi 
 []


Overfull \hbox (1.34575pt too wide) in paragraph at lines 59--68
\OT1/cmr/m/n/10 B^^?orskraschen p^^Wa Wall-street det var M[]ALECON's
 []

File: Media/Artboard 2.png Graphic file (type png)
<use Media/Artboard 2.png>
Package pdftex.def Info: Media/Artboard 2.png  used on input line 68.
(pdftex.def)             Requested size: 298.75394pt x 422.07477pt.
[45]
File: Media/Artboard 1.png Graphic file (type png)
<use Media/Artboard 1.png>
Package pdftex.def Info: Media/Artboard 1.png  used on input line 76.
(pdftex.def)             Requested size: 298.75394pt x 422.07477pt.
 [46]
File: Media/Artboard 2.png Graphic file (type png)
<use Media/Artboard 2.png>
Package pdftex.def Info: Media/Artboard 2.png  used on input line 102.
(pdftex.def)             Requested size: 298.75394pt x 422.07477pt.
 [47]
File: Media/Artboard 1.png Graphic file (type png)
<use Media/Artboard 1.png>
Package pdftex.def Info: Media/Artboard 1.png  used on input line 131.
(pdftex.def)             Requested size: 298.75394pt x 422.07477pt.
 [48]
Overfull \hbox (12.73466pt too wide) in paragraph at lines 144--152
\OT1/cmr/m/n/10 Text: Joel Byren LTD-01, Isak Savo LTD-01,J^^?orgen
 []

File: Media/Artboard 2.png Graphic file (type png)
<use Media/Artboard 2.png>
Package pdftex.def Info: Media/Artboard 2.png  used on input line 158.
(pdftex.def)             Requested size: 298.75394pt x 422.07477pt.
[49]
Underfull \hbox (badness 10000) in paragraph at lines 187--195

 []

File: Media/Artboard 1.png Graphic file (type png)
<use Media/Artboard 1.png>
Package pdftex.def Info: Media/Artboard 1.png  used on input line 195.
(pdftex.def)             Requested size: 298.75394pt x 422.07477pt.
[50]
Underfull \hbox (badness 10000) in paragraph at lines 203--207

 []

File: Media/Artboard 2.png Graphic file (type png)
<use Media/Artboard 2.png>
Package pdftex.def Info: Media/Artboard 2.png  used on input line 213.
(pdftex.def)             Requested size: 298.75394pt x 422.07477pt.
[51]
Underfull \hbox (badness 10000) in paragraph at lines 233--238

 []

File: Media/Artboard 1.png Graphic file (type png)
<use Media/Artboard 1.png>
Package pdftex.def Info: Media/Artboard 1.png  used on input line 238.
(pdftex.def)             Requested size: 298.75394pt x 422.07477pt.
[52]
Underfull \hbox (badness 10000) in paragraph at lines 240--244

 []

File: Media/Artboard 2.png Graphic file (type png)
<use Media/Artboard 2.png>
Package pdftex.def Info: Media/Artboard 2.png  used on input line 262.
(pdftex.def)             Requested size: 298.75394pt x 422.07477pt.
[53]
File: Media/Artboard 1.png Graphic file (type png)
<use Media/Artboard 1.png>
Package pdftex.def Info: Media/Artboard 1.png  used on input line 290.
(pdftex.def)             Requested size: 298.75394pt x 422.07477pt.
 [54]
File: Media/Artboard 2.png Graphic file (type png)
<use Media/Artboard 2.png>
Package pdftex.def Info: Media/Artboard 2.png  used on input line 309.
(pdftex.def)             Requested size: 298.75394pt x 422.07477pt.
 [55]
File: Media/Artboard 1.png Graphic file (type png)
<use Media/Artboard 1.png>
Package pdftex.def Info: Media/Artboard 1.png  used on input line 325.
(pdftex.def)             Requested size: 298.75394pt x 422.07477pt.
 [56]
File: Media/Artboard 2.png Graphic file (type png)
<use Media/Artboard 2.png>
Package pdftex.def Info: Media/Artboard 2.png  used on input line 342.
(pdftex.def)             Requested size: 298.75394pt x 422.07477pt.
 [57]
File: Media/Artboard 1.png Graphic file (type png)
<use Media/Artboard 1.png>
Package pdftex.def Info: Media/Artboard 1.png  used on input line 372.
(pdftex.def)             Requested size: 298.75394pt x 422.07477pt.
 [58]
Underfull \hbox (badness 10000) in paragraph at lines 374--381

 []

File: Media/Artboard 2.png Graphic file (type png)
<use Media/Artboard 2.png>
Package pdftex.def Info: Media/Artboard 2.png  used on input line 396.
(pdftex.def)             Requested size: 298.75394pt x 422.07477pt.
[59]
File: Media/Artboard 1.png Graphic file (type png)
<use Media/Artboard 1.png>
Package pdftex.def Info: Media/Artboard 1.png  used on input line 416.
(pdftex.def)             Requested size: 298.75394pt x 422.07477pt.
 [60]
File: Media/Artboard 2.png Graphic file (type png)
<use Media/Artboard 2.png>
Package pdftex.def Info: Media/Artboard 2.png  used on input line 437.
(pdftex.def)             Requested size: 298.75394pt x 422.07477pt.
 [61]
File: Media/Artboard 1.png Graphic file (type png)
<use Media/Artboard 1.png>
Package pdftex.def Info: Media/Artboard 1.png  used on input line 467.
(pdftex.def)             Requested size: 298.75394pt x 422.07477pt.
 [62]
File: Media/Artboard 2.png Graphic file (type png)
<use Media/Artboard 2.png>
Package pdftex.def Info: Media/Artboard 2.png  used on input line 493.
(pdftex.def)             Requested size: 298.75394pt x 422.07477pt.
 [63]
File: Media/Artboard 1.png Graphic file (type png)
<use Me